<?xml version="1.0" encoding="UTF-8"?>
<testsuite xmlns:xsi="http://www.w3.org/2001/XMLSchema-instance" xsi:noNamespaceSchemaLocation="https://maven.apache.org/surefire/maven-surefire-plugin/xsd/surefire-test-report.xsd" name="eu.ensup.gestionetablissement.presentation.AppTest" time="0.035" tests="1" errors="0" skipped="0" failures="0">
  <properties>
    <property name="java.specification.version" value="15"/>
    <property name="sun.cpu.isalist" value="amd64"/>
    <property name="sun.jnu.encoding" value="Cp1252"/>
    <property name="java.class.path" value="C:\Users\Youness\Documents\GestionEtablissement\GestionEtablissement\GestionEtablissement-presentation\target\test-classes;C:\Users\Youness\Documents\GestionEtablissement\GestionEtablissement\GestionEtablissement-presentation\target\classes;C:\Users\Youness\.m2\repository\junit\junit\4.11\junit-4.11.jar;C:\Users\Youness\.m2\repository\org\hamcrest\hamcrest-core\1.3\hamcrest-core-1.3.jar;C:\Users\Youness\Documents\GestionEtablissement\GestionEtablissement\GestionEtablissement-dto\target\GestionEtablissement-dto-1.0.jar;C:\Users\Youness\Documents\GestionEtablissement\GestionEtablissement\GestionEtablissement-business\target\GestionEtablissement-business-1.0.jar;C:\Users\Youness\Documents\GestionEtablissement\GestionEtablissement\GestionEtablissement-service\target\GestionEtablissement-service-1.0.jar;C:\Users\Youness\Documents\GestionEtablissement\GestionEtablissement\GestionEtablissement-mapper\target\GestionEtablissement-mapper-1.0.jar;C:\Users\Youness\Documents\GestionEtablissement\GestionEtablissement\GestionEtablissement-dao\target\GestionEtablissement-dao-1.0.jar;C:\Users\Youness\Documents\GestionEtablissement\GestionEtablissement\GestionEtablissement-logger\target\GestionEtablissement-logger-1.0.jar;C:\Users\Youness\.m2\repository\log4j\log4j\1.2.17\log4j-1.2.17.jar;C:\Users\Youness\.m2\repository\mysql\mysql-connector-java\8.0.22\mysql-connector-java-8.0.22.jar;C:\Users\Youness\.m2\repository\com\google\protobuf\protobuf-java\3.11.4\protobuf-java-3.11.4.jar;C:\Users\Youness\.m2\repository\org\jfree\jfreechart\1.5.2\jfreechart-1.5.2.jar;"/>
    <property name="java.vm.vendor" value="Oracle Corporation"/>
    <property name="sun.arch.data.model" value="64"/>
    <property name="user.variant" value=""/>
    <property name="java.vendor.url" value="https://java.oracle.com/"/>
    <property name="user.timezone" value="Europe/Paris"/>
    <property name="os.name" value="Windows 10"/>
    <property name="java.vm.specification.version" value="15"/>
    <property name="sun.java.launcher" value="SUN_STANDARD"/>
    <property name="user.country" value="FR"/>
    <property name="sun.boot.library.path" value="C:\Users\Youness\.jdks\openjdk-15.0.1\bin"/>
    <property name="sun.java.command" value="C:\Users\Youness\AppData\Local\Temp\surefire3348602910121250033\surefirebooter4312824462945911052.jar C:\Users\Youness\AppData\Local\Temp\surefire3348602910121250033 2021-03-12T10-52-34_820-jvmRun1 surefire7508707450419235876tmp surefire_61729493689192168392tmp"/>
    <property name="jdk.debug" value="release"/>
    <property name="surefire.test.class.path" value="C:\Users\Youness\Documents\GestionEtablissement\GestionEtablissement\GestionEtablissement-presentation\target\test-classes;C:\Users\Youness\Documents\GestionEtablissement\GestionEtablissement\GestionEtablissement-presentation\target\classes;C:\Users\Youness\.m2\repository\junit\junit\4.11\junit-4.11.jar;C:\Users\Youness\.m2\repository\org\hamcrest\hamcrest-core\1.3\hamcrest-core-1.3.jar;C:\Users\Youness\Documents\GestionEtablissement\GestionEtablissement\GestionEtablissement-dto\target\GestionEtablissement-dto-1.0.jar;C:\Users\Youness\Documents\GestionEtablissement\GestionEtablissement\GestionEtablissement-business\target\GestionEtablissement-business-1.0.jar;C:\Users\Youness\Documents\GestionEtablissement\GestionEtablissement\GestionEtablissement-service\target\GestionEtablissement-service-1.0.jar;C:\Users\Youness\Documents\GestionEtablissement\GestionEtablissement\GestionEtablissement-mapper\target\GestionEtablissement-mapper-1.0.jar;C:\Users\Youness\Documents\GestionEtablissement\GestionEtablissement\GestionEtablissement-dao\target\GestionEtablissement-dao-1.0.jar;C:\Users\Youness\Documents\GestionEtablissement\GestionEtablissement\GestionEtablissement-logger\target\GestionEtablissement-logger-1.0.jar;C:\Users\Youness\.m2\repository\log4j\log4j\1.2.17\log4j-1.2.17.jar;C:\Users\Youness\.m2\repository\mysql\mysql-connector-java\8.0.22\mysql-connector-java-8.0.22.jar;C:\Users\Youness\.m2\repository\com\google\protobuf\protobuf-java\3.11.4\protobuf-java-3.11.4.jar;C:\Users\Youness\.m2\repository\org\jfree\jfreechart\1.5.2\jfreechart-1.5.2.jar;"/>
    <property name="sun.cpu.endian" value="little"/>
    <property name="user.home" value="C:\Users\Youness"/>
    <property name="user.language" value="fr"/>
    <property name="java.specification.vendor" value="Oracle Corporation"/>
    <property name="java.version.date" value="2020-10-20"/>
    <property name="java.home" value="C:\Users\Youness\.jdks\openjdk-15.0.1"/>
    <property name="file.separator" value="\"/>
    <property name="basedir" value="C:\Users\Youness\Documents\GestionEtablissement\GestionEtablissement\GestionEtablissement-presentation"/>
    <property name="java.vm.compressedOopsMode" value="Zero based"/>
    <property name="line.separator" value="&#10;"/>
    <property name="java.vm.specification.vendor" value="Oracle Corporation"/>
    <property name="java.specification.name" value="Java Platform API Specification"/>
    <property name="surefire.real.class.path" value="C:\Users\Youness\AppData\Local\Temp\surefire3348602910121250033\surefirebooter4312824462945911052.jar"/>
    <property name="user.script" value=""/>
    <property name="sun.management.compiler" value="HotSpot 64-Bit Tiered Compilers"/>
    <property name="java.runtime.version" value="15.0.1+9-18"/>
    <property name="user.name" value="Youness"/>
    <property name="path.separator" value=";"/>
    <property name="os.version" value="10.0"/>
    <property name="java.runtime.name" value="OpenJDK Runtime Environment"/>
    <property name="file.encoding" value="Cp1252"/>
    <property name="java.vm.name" value="OpenJDK 64-Bit Server VM"/>
    <property name="localRepository" value="C:\Users\Youness\.m2\repository"/>
    <property name="java.vendor.url.bug" value="https://bugreport.java.com/bugreport/"/>
    <property name="java.io.tmpdir" value="C:\Users\Youness\AppData\Local\Temp\"/>
    <property name="idea.version" value="2020.3.1"/>
    <property name="java.version" value="15.0.1"/>
    <property name="user.dir" value="C:\Users\Youness\Documents\GestionEtablissement\GestionEtablissement\GestionEtablissement-presentation"/>
    <property name="os.arch" value="amd64"/>
    <property name="java.vm.specification.name" value="Java Virtual Machine Specification"/>
    <property name="sun.os.patch.level" value=""/>
    <property name="java.library.path" value="C:\Users\Youness\.jdks\openjdk-15.0.1\bin;C:\WINDOWS\Sun\Java\bin;C:\WINDOWS\system32;C:\WINDOWS;C:\Program Files\Common Files\Oracle\Java\javapath;C:\ProgramData\Oracle\Java\javapath;C:\WINDOWS\system32;C:\WINDOWS;C:\WINDOWS\System32\Wbem;C:\WINDOWS\System32\WindowsPowerShell\v1.0\;C:\WINDOWS\System32\OpenSSH\;C:\Program Files\Git\cmd;C:\Program Files\Microsoft SQL Server\Client SDK\ODBC\170\Tools\Binn\;C:\Program Files (x86)\Microsoft SQL Server\150\Tools\Binn\;C:\Program Files\Microsoft SQL Server\150\Tools\Binn\;C:\Program Files\Microsoft SQL Server\150\DTS\Binn\;C:\Program Files\dotnet\;&quot;C:\Program Files\Java\apache-maven-3.6.3\bin;C:\Program Files\Java\jdk-15.0.1\bin&quot;;C:\Program Files\Common Files\Oracle\Java\javapath;C:\ProgramData\Oracle\Java\javapath;C:\WINDOWS\system32;C:\WINDOWS;C:\WINDOWS\System32\Wbem;C:\WINDOWS\System32\WindowsPowerShell\v1.0\;C:\WINDOWS\System32\OpenSSH\;C:\Program Files\Git\cmd;C:\Program Files\Microsoft SQL Server\Client SDK\ODBC\170\Tools\Binn\;C:\Program Files (x86)\Microsoft SQL Server\150\Tools\Binn\;C:\Program Files\Microsoft SQL Server\150\Tools\Binn\;C:\Program Files\Microsoft SQL Server\150\DTS\Binn\;C:\Program Files\dotnet\;C:\Users\Youness\AppData\Local\Programs\Microsoft VS Code\bin;C:\Users\Youness\.dotnet\tools;C:\Program Files\Java\jdk-15.0.1\bin;C:\Program Files\Java\apache-maven-3.6.3\bin;;."/>
    <property name="java.vm.info" value="mixed mode, sharing"/>
    <property name="java.vendor" value="Oracle Corporation"/>
    <property name="java.vm.version" value="15.0.1+9-18"/>
    <property name="sun.io.unicode.encoding" value="UnicodeLittle"/>
    <property name="java.class.version" value="59.0"/>
  </properties>
  <testcase name="shouldAnswerWithTrue" classname="eu.ensup.gestionetablissement.presentation.AppTest" time="0"/>
</testsuite>