<?xml version="1.0" encoding="UTF-8"?>
<testsuite xmlns:xsi="http://www.w3.org/2001/XMLSchema-instance" xsi:noNamespaceSchemaLocation="https://maven.apache.org/surefire/maven-surefire-plugin/xsd/surefire-test-report.xsd" name="eu.ensup.gestionetablissement.business.AppTest" time="0.075" tests="1" errors="0" skipped="0" failures="0">
  <properties>
    <property name="java.specification.version" value="15"/>
    <property name="sun.cpu.isalist" value="amd64"/>
    <property name="sun.jnu.encoding" value="Cp1252"/>
    <property name="java.class.path" value="C:\Users\ytabib\3D Objects\Nouveau dossier\Gestion_Etablissement\GestionEtablissement-business\target\test-classes;C:\Users\ytabib\3D Objects\Nouveau dossier\Gestion_Etablissement\GestionEtablissement-business\target\classes;C:\Users\ytabib\.m2\repository\junit\junit\4.11\junit-4.11.jar;C:\Users\ytabib\.m2\repository\org\hamcrest\hamcrest-core\1.3\hamcrest-core-1.3.jar;C:\Users\ytabib\.m2\repository\log4j\log4j\1.2.17\log4j-1.2.17.jar;C:\Users\ytabib\.m2\repository\mysql\mysql-connector-java\8.0.22\mysql-connector-java-8.0.22.jar;C:\Users\ytabib\.m2\repository\com\google\protobuf\protobuf-java\3.11.4\protobuf-java-3.11.4.jar;C:\Users\ytabib\.m2\repository\org\jfree\jfreechart\1.5.2\jfreechart-1.5.2.jar;"/>
    <property name="java.vm.vendor" value="Oracle Corporation"/>
    <property name="sun.arch.data.model" value="64"/>
    <property name="user.variant" value=""/>
    <property name="java.vendor.url" value="https://java.oracle.com/"/>
    <property name="user.timezone" value="Europe/Berlin"/>
    <property name="os.name" value="Windows 10"/>
    <property name="java.vm.specification.version" value="15"/>
    <property name="sun.java.launcher" value="SUN_STANDARD"/>
    <property name="user.country" value="FR"/>
    <property name="sun.boot.library.path" value="C:\Program Files\Java\jdk-15.0.1\bin"/>
    <property name="sun.java.command" value="C:\Users\ytabib\AppData\Local\Temp\surefire4358027226193456526\surefirebooter16449946895026756184.jar C:\Users\ytabib\AppData\Local\Temp\surefire4358027226193456526 2021-04-01T12-01-02_601-jvmRun1 surefire8439969811283896328tmp surefire_02949643348753158457tmp"/>
    <property name="jdk.debug" value="release"/>
    <property name="surefire.test.class.path" value="C:\Users\ytabib\3D Objects\Nouveau dossier\Gestion_Etablissement\GestionEtablissement-business\target\test-classes;C:\Users\ytabib\3D Objects\Nouveau dossier\Gestion_Etablissement\GestionEtablissement-business\target\classes;C:\Users\ytabib\.m2\repository\junit\junit\4.11\junit-4.11.jar;C:\Users\ytabib\.m2\repository\org\hamcrest\hamcrest-core\1.3\hamcrest-core-1.3.jar;C:\Users\ytabib\.m2\repository\log4j\log4j\1.2.17\log4j-1.2.17.jar;C:\Users\ytabib\.m2\repository\mysql\mysql-connector-java\8.0.22\mysql-connector-java-8.0.22.jar;C:\Users\ytabib\.m2\repository\com\google\protobuf\protobuf-java\3.11.4\protobuf-java-3.11.4.jar;C:\Users\ytabib\.m2\repository\org\jfree\jfreechart\1.5.2\jfreechart-1.5.2.jar;"/>
    <property name="sun.cpu.endian" value="little"/>
    <property name="user.home" value="C:\Users\ytabib"/>
    <property name="user.language" value="fr"/>
    <property name="java.specification.vendor" value="Oracle Corporation"/>
    <property name="java.version.date" value="2020-10-20"/>
    <property name="java.home" value="C:\Program Files\Java\jdk-15.0.1"/>
    <property name="file.separator" value="\"/>
    <property name="basedir" value="C:\Users\ytabib\3D Objects\Nouveau dossier\Gestion_Etablissement\GestionEtablissement-business"/>
    <property name="java.vm.compressedOopsMode" value="32-bit"/>
    <property name="line.separator" value="&#10;"/>
    <property name="java.vm.specification.vendor" value="Oracle Corporation"/>
    <property name="java.specification.name" value="Java Platform API Specification"/>
    <property name="surefire.real.class.path" value="C:\Users\ytabib\AppData\Local\Temp\surefire4358027226193456526\surefirebooter16449946895026756184.jar"/>
    <property name="user.script" value=""/>
    <property name="sun.management.compiler" value="HotSpot 64-Bit Tiered Compilers"/>
    <property name="java.runtime.version" value="15.0.1+9-18"/>
    <property name="user.name" value="ytabib"/>
    <property name="path.separator" value=";"/>
    <property name="os.version" value="10.0"/>
    <property name="java.runtime.name" value="Java(TM) SE Runtime Environment"/>
    <property name="file.encoding" value="Cp1252"/>
    <property name="java.vm.name" value="Java HotSpot(TM) 64-Bit Server VM"/>
    <property name="localRepository" value="C:\Users\ytabib\.m2\repository"/>
    <property name="java.vendor.url.bug" value="https://bugreport.java.com/bugreport/"/>
    <property name="java.io.tmpdir" value="C:\Users\ytabib\AppData\Local\Temp\"/>
    <property name="java.version" value="15.0.1"/>
    <property name="user.dir" value="C:\Users\ytabib\3D Objects\Nouveau dossier\Gestion_Etablissement\GestionEtablissement-business"/>
    <property name="os.arch" value="amd64"/>
    <property name="java.vm.specification.name" value="Java Virtual Machine Specification"/>
    <property name="sun.os.patch.level" value=""/>
    <property name="java.library.path" value="C:\Program Files\Java\jdk-15.0.1\bin;C:\Windows\Sun\Java\bin;C:\Windows\system32;C:\Windows;C:\Windows\system32;C:\Windows;C:\Windows\System32\Wbem;C:\Windows\System32\WindowsPowerShell\v1.0\;C:\Windows\System32\OpenSSH\;C:\Program Files\Git\cmd;C:\formationmaven\outils\apache-maven-3.6.3\bin;C:\Program Files\Java\jdk1.8.0_11\bin;C:\Program Files\Java\jdk1.8.0_11\bin;C:\Users\ytabib\AppData\Local\Programs\Microsoft VS Code\bin;C:\Users\ytabib\AppData\Local\Programs\Microsoft VS Code\bin;C:\Users\ytabib\AppData\Local\gitkraken\bin;&quot;C:\formationmaven\outils\apache-maven-3.6.3\bin;&quot;;."/>
    <property name="java.vm.info" value="mixed mode, sharing"/>
    <property name="java.vendor" value="Oracle Corporation"/>
    <property name="java.vm.version" value="15.0.1+9-18"/>
    <property name="sun.io.unicode.encoding" value="UnicodeLittle"/>
    <property name="java.class.version" value="59.0"/>
  </properties>
  <testcase name="shouldAnswerWithTrue" classname="eu.ensup.gestionetablissement.business.AppTest" time="0.003"/>
</testsuite>